[2024-02-04 23:50:13,976][root][INFO] - Workspace: /cluster/home/siqili/code/isaacgym/python/experiments_eureka/eureka/outputs/eureka/2024-02-04_23-50-13
[2024-02-04 23:50:13,976][root][INFO] - Project Root: /cluster/home/siqili/code/isaacgym/python/experiments_eureka/eureka
[2024-02-04 23:50:13,986][root][INFO] - Using LLM: gpt-4-0613
[2024-02-04 23:50:13,986][root][INFO] - Task: ShadowHand
[2024-02-04 23:50:13,986][root][INFO] - Task description: to make the shadow hand spin the object to a target orientation
[2024-02-04 23:50:14,221][root][INFO] - Iteration 0: Generating 1 samples with gpt-4-0613
[2024-02-04 23:50:43,241][root][INFO] - Iteration 0: GPT Output:
 ```python
@torch.jit.script
def compute_reward(object_rot: torch.Tensor, goal_rot: torch.Tensor, object_angvel: torch.Tensor, action: torch.Tensor) -> Tuple[torch.Tensor, Dict[str, torch.Tensor]]:
    
    # compute conversion parameters
    object_angvel_norm = torch.norm(object_angvel, dim=-1)
    goal_rot_inv = torch.inverse(goal_rot)
    relative_rot = torch.mm(object_rot, goal_rot_inv)
    relative_rot_norm = torch.norm(relative_rot, dim=-1)
    angvel_diff = object_angvel_norm - relative_rot_norm
    
    # compute reward components
    spinning_reward = torch.exp(-angvel_diff)
    align_reward = torch.exp(-relative_rot_norm)
    
    # compute total reward
    total_reward = spinning_reward + align_reward

    # compute sparse reward
    goal_achieved = (relative_rot_norm < 0.01).float()
    sparse_reaching_reward = goal_achieved
     
    total_reward += sparse_reaching_reward
    
    individual_rewards = {"spinning_reward": spinning_reward, "align_reward": align_reward, "sparse_reaching_reward": sparse_reaching_reward}
    
    return total_reward, individual_rewards
```
Explanation:

The task involves spinning an object in the hand to reach a goal orientation. 
The goal can be achieved when the rotation of the object matches the target rotation (`goal_rot`). In order to encourage the spinning, the `spinning_reward` is designed to increase as the angular velocity (`object_angvel`) increases.

`align_reward` encourages the current object orientation (`object_rot`) to align with the target orientation (`goal_rot`), increasing when the difference in rotations decreases.

`sparse_reaching_reward` serves as a completion reward once the hand's rotation aligns very closely with the target rotation.

These rewards are combined to a total reward. Higher total rewards will encourage actions which align the object's rotation with the target rotation while spinning the object.

[2024-02-04 23:50:43,244][root][INFO] - Iteration 0: Prompt Tokens: 1735, Completion Tokens: 1432, Total Tokens: 3167
[2024-02-04 23:50:43,244][root][INFO] - Iteration 0: Processing Code Run 0
[2024-02-04 23:53:13,839][root][INFO] - Iteration 0: Code Run 0 execution error!
[2024-02-04 23:53:15,584][root][INFO] - Iteration 0: Max Success: -10000.0, Execute Rate: 0.0, Max Success Reward Correlation: -10000.0
[2024-02-04 23:53:15,584][root][INFO] - Iteration 0: Best Generation ID: 0
[2024-02-04 23:53:15,584][root][INFO] - Iteration 0: GPT Output Content:
```python
@torch.jit.script
def compute_reward(object_rot: torch.Tensor, goal_rot: torch.Tensor, object_angvel: torch.Tensor, action: torch.Tensor) -> Tuple[torch.Tensor, Dict[str, torch.Tensor]]:
    
    # compute conversion parameters
    object_angvel_norm = torch.norm(object_angvel, dim=-1)
    goal_rot_inv = torch.inverse(goal_rot)
    relative_rot = torch.mm(object_rot, goal_rot_inv)
    relative_rot_norm = torch.norm(relative_rot, dim=-1)
    angvel_diff = object_angvel_norm - relative_rot_norm
    
    # compute reward components
    spinning_reward = torch.exp(-angvel_diff)
    align_reward = torch.exp(-relative_rot_norm)
    
    # compute total reward
    total_reward = spinning_reward + align_reward

    # compute sparse reward
    goal_achieved = (relative_rot_norm < 0.01).float()
    sparse_reaching_reward = goal_achieved
     
    total_reward += sparse_reaching_reward
    
    individual_rewards = {"spinning_reward": spinning_reward, "align_reward": align_reward, "sparse_reaching_reward": sparse_reaching_reward}
    
    return total_reward, individual_rewards
```
Explanation:

The task involves spinning an object in the hand to reach a goal orientation. 
The goal can be achieved when the rotation of the object matches the target rotation (`goal_rot`). In order to encourage the spinning, the `spinning_reward` is designed to increase as the angular velocity (`object_angvel`) increases.

`align_reward` encourages the current object orientation (`object_rot`) to align with the target orientation (`goal_rot`), increasing when the difference in rotations decreases.

`sparse_reaching_reward` serves as a completion reward once the hand's rotation aligns very closely with the target rotation.

These rewards are combined to a total reward. Higher total rewards will encourage actions which align the object's rotation with the target rotation while spinning the object.

[2024-02-04 23:53:15,584][root][INFO] - Iteration 0: User Content:
Executing the reward function code above has the following error: Traceback (most recent call last):
  File "/cluster/home/siqili/siqi_env/myenv_3.8_eureka/lib64/python3.8/site-packages/tensorboard/compat/__init__.py", line 42, in tf
    from tensorboard.compat import notf  # noqa: F401
ImportError: cannot import name 'notf' from 'tensorboard.compat' (/cluster/home/siqili/siqi_env/myenv_3.8_eureka/lib64/python3.8/site-packages/tensorboard/compat/__init__.py)

During handling of the above exception, another exception occurred:

Traceback (most recent call last):
  File "/cluster/home/siqili/code/isaacgym/python/experiments_eureka/eureka/../isaacgymenvs/isaacgymenvs/train.py", line 81, in launch_rlg_hydra
    from rl_games.torch_runner import Runner
  File "/cluster/home/siqili/code/isaacgym/python/experiments_eureka/rl_games/rl_games/torch_runner.py", line 17, in <module>
    from rl_games.algos_torch import sac_agent
  File "/cluster/home/siqili/code/isaacgym/python/experiments_eureka/rl_games/rl_games/algos_torch/sac_agent.py", line 9, in <module>
    from torch.utils.tensorboard import SummaryWriter
  File "/cluster/home/siqili/siqi_env/myenv_3.8_eureka/lib64/python3.8/site-packages/torch/utils/tensorboard/__init__.py", line 12, in <module>
    from .writer import FileWriter, SummaryWriter  # noqa: F401
  File "/cluster/home/siqili/siqi_env/myenv_3.8_eureka/lib64/python3.8/site-packages/torch/utils/tensorboard/writer.py", line 16, in <module>
    from ._embedding import (
  File "/cluster/home/siqili/siqi_env/myenv_3.8_eureka/lib64/python3.8/site-packages/torch/utils/tensorboard/_embedding.py", line 9, in <module>
    _HAS_GFILE_JOIN = hasattr(tf.io.gfile, "join")
  File "/cluster/home/siqili/siqi_env/myenv_3.8_eureka/lib64/python3.8/site-packages/tensorboard/lazy.py", line 65, in __getattr__
    return getattr(load_once(self), attr_name)
  File "/cluster/home/siqili/siqi_env/myenv_3.8_eureka/lib64/python3.8/site-packages/tensorboard/lazy.py", line 97, in wrapper
    cache[arg] = f(arg)
  File "/cluster/home/siqili/siqi_env/myenv_3.8_eureka/lib64/python3.8/site-packages/tensorboard/lazy.py", line 50, in load_once
    module = load_fn()
  File "/cluster/home/siqili/siqi_env/myenv_3.8_eureka/lib64/python3.8/site-packages/tensorboard/compat/__init__.py", line 45, in tf
    import tensorflow
  File "/cluster/apps/nss/gcc-6.3.0/python/3.8.5/x86_64/lib64/python3.8/site-packages/tensorflow/__init__.py", line 41, in <module>
    from tensorflow.python.tools import module_util as _module_util
  File "/cluster/apps/nss/gcc-6.3.0/python/3.8.5/x86_64/lib64/python3.8/site-packages/tensorflow/python/__init__.py", line 48, in <module>
    from tensorflow.python import keras
  File "/cluster/apps/nss/gcc-6.3.0/python/3.8.5/x86_64/lib64/python3.8/site-packages/tensorflow/python/keras/__init__.py", line 27, in <module>
    from tensorflow.python.keras import models
  File "/cluster/apps/nss/gcc-6.3.0/python/3.8.5/x86_64/lib64/python3.8/site-packages/tensorflow/python/keras/models.py", line 26, in <module>
    from tensorflow.python.keras.engine import functional
  File "/cluster/apps/nss/gcc-6.3.0/python/3.8.5/x86_64/lib64/python3.8/site-packages/tensorflow/python/keras/engine/functional.py", line 38, in <module>
    from tensorflow.python.keras.engine import training as training_lib
  File "/cluster/apps/nss/gcc-6.3.0/python/3.8.5/x86_64/lib64/python3.8/site-packages/tensorflow/python/keras/engine/training.py", line 52, in <module>
    from tensorflow.python.keras.engine import data_adapter
  File "/cluster/apps/nss/gcc-6.3.0/python/3.8.5/x86_64/lib64/python3.8/site-packages/tensorflow/python/keras/engine/data_adapter.py", line 65, in <module>
    import pandas as pd  # pylint: disable=g-import-not-at-top
  File "/cluster/apps/nss/gcc-6.3.0/python/3.8.5/x86_64/lib64/python3.8/site-packages/pandas/__init__.py", line 52, in <module>
    from pandas.core.api import (
  File "/cluster/apps/nss/gcc-6.3.0/python/3.8.5/x86_64/lib64/python3.8/site-packages/pandas/core/api.py", line 15, in <module>
    from pandas.core.arrays import Categorical
  File "/cluster/apps/nss/gcc-6.3.0/python/3.8.5/x86_64/lib64/python3.8/site-packages/pandas/core/arrays/__init__.py", line 6, in <module>
    from pandas.core.arrays.boolean import BooleanArray
  File "/cluster/apps/nss/gcc-6.3.0/python/3.8.5/x86_64/lib64/python3.8/site-packages/pandas/core/arrays/boolean.py", line 28, in <module>
    from .masked import BaseMaskedArray, BaseMaskedDtype
  File "/cluster/apps/nss/gcc-6.3.0/python/3.8.5/x86_64/lib64/python3.8/site-packages/pandas/core/arrays/masked.py", line 19, in <module>
    from pandas.core import nanops
  File "/cluster/apps/nss/gcc-6.3.0/python/3.8.5/x86_64/lib64/python3.8/site-packages/pandas/core/nanops.py", line 37, in <module>
    bn = import_optional_dependency("bottleneck", raise_on_missing=False, on_version="warn")
  File "/cluster/apps/nss/gcc-6.3.0/python/3.8.5/x86_64/lib64/python3.8/site-packages/pandas/compat/_optional.py", line 117, in import_optional_dependency
    if distutils.version.LooseVersion(version) < minimum_version:
AttributeError: module 'distutils' has no attribute 'version'
. Please fix the bug and provide a new, improved reward function!
The output of the reward function should consist of two items:
    (1) the total reward,
    (2) a dictionary of each individual reward component.
The code output should be formatted as a python code string: "```python ... ```".

Some helpful tips for writing the reward function code:
    (1) You may find it helpful to normalize the reward to a fixed range by applying transformations like torch.exp to the overall reward or its components
    (2) If you choose to transform a reward component, then you must also introduce a temperature parameter inside the transformation function; this parameter must be a named variable in the reward function and it must not be an input variable. Each transformed reward component should have its own temperature variable
    (3) Make sure the type of each input variable is correctly specified; a float input variable should not be specified as torch.Tensor
    (4) Most importantly, the reward code's input variables must contain only attributes of the provided environment class definition (namely, variables that have prefix self.). Under no circumstance can you introduce new input variables.


[2024-02-04 23:53:16,079][root][INFO] - All iterations of code generation failed, aborting...
[2024-02-04 23:53:16,079][root][INFO] - Please double check the output env_iter*_response*.txt files for repeating errors!
